Arguments: 
  E:\Program Files\nodejs\node.exe C:\Users\elpsj\AppData\Roaming\npm\node_modules\yarn\bin\yarn.js add tsyringe

PATH: 
  E:\Program Files\Git\mingw64\bin;E:\Program Files\Git\usr\bin;C:\Users\elpsj\bin;C:\Python39\Scripts;C:\Python39;C:\Program Files\Common Files\Oracle\Java\javapath;C:\Windows\system32;C:\Windows;C:\Windows\System32\Wbem;C:\Windows\System32\WindowsPowerShell\v1.0;C:\Windows\System32\OpenSSH;D:\Program Files\Git\cmd;E:\Program Files\Git\cmd;E:\Program Files\nodejs;C:\ProgramData\chocolatey\bin;C:\Program Files\Docker\Docker\resources\bin;C:\ProgramData\DockerDesktop\version-bin;C:\Program Files (x86)\Intel\Intel(R) Management Engine Components\DAL;C:\Program Files\Intel\Intel(R) Management Engine Components\DAL;C:\Program Files (x86)\NVIDIA Corporation\PhysX\Common;C:\Program Files\MySQL\MySQL Shell 8.0\bin;C:\Users\elpsj\AppData\Local\Microsoft\WindowsApps;C:\Users\elpsj\AppData\Local\Programs\Microsoft VS Code\bin;C:\Users\elpsj\AppData\Roaming\npm

Yarn version: 
  1.22.10

Node version: 
  14.17.3

Platform: 
  win32 x64

Trace: 
  Error: EPERM: operation not permitted, unlink 'C:\Users\elpsj\Desktop\rocketSeat\rentalx\node_modules\.bin\ts-node-dev'

npm manifest: 
  {
    "name": "rentalx",
    "version": "1.0.0",
    "main": "index.js",
    "license": "MIT",
    "scripts": {
      "dev": "ts-node-dev  --inspect --poll --transpile-only --ignore-watch node_modules --respawn src/server.ts",
      "typeorm": "ts-node-dev ./node_modules/typeorm/cli"
    },
    "devDependencies": {
      "@types/express": "^4.17.13",
      "@types/uuid": "^8.3.1",
      "@typescript-eslint/eslint-plugin": "^4.28.3",
      "@typescript-eslint/parser": "^4.28.3",
      "add": "^2.0.6",
      "eslint": "^7.31.0",
      "eslint-config-airbnb-base": "^14.2.1",
      "eslint-config-prettier": "^8.3.0",
      "eslint-import-resolver-typescript": "^2.4.0",
      "eslint-plugin-import": "^2.22.1",
      "eslint-plugin-import-helpers": "^1.1.0",
      "eslint-plugin-prettier": "^3.4.0",
      "prettier": "^2.3.2",
      "ts-node-dev": "^1.1.8",
      "typescript": "^4.3.5",
      "uuid": "^8.3.2"
    },
    "dependencies": {
      "express": "^4.17.1",
      "pg": "^8.7.1",
      "reflect-metadata": "^0.1.13",
      "typeorm": "^0.2.34"
    }
  }

yarn manifest: 
  No manifest

Lockfile: 
  No lockfile
